Arguments: 
  C:\Program Files\nodejs\node.exe C:\Users\Polaris\AppData\Roaming\npm\node_modules\yarn\bin\yarn.js add axios

PATH: 
  C:\WINDOWS\system32;C:\WINDOWS;C:\WINDOWS\System32\Wbem;C:\WINDOWS\System32\WindowsPowerShell\v1.0\;C:\WINDOWS\System32\OpenSSH\;C:\Program Files\Git\cmd;C:\Users\Polaris\AppData\Roaming\nvm;C:\Program Files\nodejs;C:\xampp\php;C:\ProgramData\ComposerSetup\bin;C:\Program Files\Java\jdk-19\bin;C:\Program Files\PostgreSQL\15\bin;C:\Program Files\Microsoft SQL Server\150\Tools\Binn\;C:\Program Files\Microsoft SQL Server\Client SDK\ODBC\170\Tools\Binn\;C:\Program Files\dotnet\;C:\Program Files\Microsoft SQL Server\130\Tools\Binn\;C:\Users\Polaris\AppData\Local\Microsoft\WindowsApps;C:\Users\Polaris\AppData\Local\Programs\Microsoft VS Code\bin;C:\Users\Polaris\AppData\Roaming\npm;C:\Users\Polaris\AppData\Roaming\nvm;C:\Users\Polaris\AppData\Roaming\Composer\vendor\bin;C:\Users\Polaris\.fly\bin;C:\Users\Polaris\.dotnet\tools;C:\Users\Polaris\AppData\Local\GitHubDesktop\bin;C:\Users\Polaris\AppData\Roaming\nvm;C:\Program Files\nodejs;C:\Program Files\heroku\bin

Yarn version: 
  1.22.19

Node version: 
  18.16.0

Platform: 
  win32 x64

Trace: 
  Error: https://registry.yarnpkg.com/asuna-data: Not found
      at params.callback [as _callback] (C:\Users\Polaris\AppData\Roaming\npm\node_modules\yarn\lib\cli.js:66145:18)
      at self.callback (C:\Users\Polaris\AppData\Roaming\npm\node_modules\yarn\lib\cli.js:140890:22)
      at Request.emit (node:events:513:28)
      at Request.<anonymous> (C:\Users\Polaris\AppData\Roaming\npm\node_modules\yarn\lib\cli.js:141862:10)
      at Request.emit (node:events:513:28)
      at IncomingMessage.<anonymous> (C:\Users\Polaris\AppData\Roaming\npm\node_modules\yarn\lib\cli.js:141784:12)
      at Object.onceWrapper (node:events:627:28)
      at IncomingMessage.emit (node:events:525:35)
      at endReadableNT (node:internal/streams/readable:1359:12)
      at process.processTicksAndRejections (node:internal/process/task_queues:82:21)

npm manifest: 
  {
    "name": "asuna-web-live2d",
    "version": "1.0.0",
    "description": "",
    "main": "src/index.js",
    "scripts": {
      "build": "webpack --mode production",
      "clean": "rimraf dist"
    },
    "author": "",
    "license": "ISC",
    "devDependencies": {
      "rimraf": "^3.0.2",
      "ts-loader": "^9.2.6",
      "typescript": "^4.5.5",
      "webpack": "^5.69.1",
      "webpack-cli": "^4.9.2",
      "webpack-stats-plugin": "^1.0.3"
    },
    "dependencies": {
      "asuna-data": "^1.0.0",
      "asuna-cubism-framework": "^1.0.0"
    }
  }

yarn manifest: 
  No manifest

Lockfile: 
  No lockfile
